PayBitoDemoApp/app/build/intermediates/manifest_merge_blame_file/debug/manifest-merger-blame-debug-report.txt
1<?xml version="1.0" encoding="utf-8"?>
2<manifest xmlns:android="http://schemas.android.com/apk/res/android"
3    package="com.example.paybitodemo"
4    android:versionCode="1"
5    android:versionName="1.0" >
6
7    <uses-sdk
8        android:minSdkVersion="24"
9        android:targetSdkVersion="34" />
10
11    <uses-permission android:name="android.permission.INTERNET" />
11-->src\main\AndroidManifest.xml:4:5-67
11-->src\main\AndroidManifest.xml:4:22-64
12
13    <permission
13-->[androidx.core:core:1.12.0] AndroidManifest.xml:22:5-24:47
14        android:name="com.example.paybitodemo.DYNAMIC_RECEIVER_NOT_EXPORTED_PERMISSION"
14-->[androidx.core:core:1.12.0] AndroidManifest.xml:23:9-81
15        android:protectionLevel="signature" />
15-->[androidx.core:core:1.12.0] AndroidManifest.xml:24:9-44
16
17    <uses-permission android:name="com.example.paybitodemo.DYNAMIC_RECEIVER_NOT_EXPORTED_PERMISSION" />
17-->[androidx.core:core:1.12.0] AndroidManifest.xml:26:5-97
17-->[androidx.core:core:1.12.0] AndroidManifest.xml:26:22-94
18
19    <application
19-->src\main\AndroidManifest.xml:6:5-42:19
20        android:name="com.example.paybitodemo.MyApplication"
20-->src\main\AndroidManifest.xml:7:9-38
21        android:allowBackup="true"
21-->src\main\AndroidManifest.xml:8:9-35
22        android:appComponentFactory="androidx.core.app.CoreComponentFactory"
22-->[androidx.core:core:1.12.0] AndroidManifest.xml:28:18-86
23        android:debuggable="true"
24        android:extractNativeLibs="false"
25        android:icon="@drawable/ic_app_logo"
25-->src\main\AndroidManifest.xml:9:9-45
26        android:label="@string/app_name"
26-->src\main\AndroidManifest.xml:10:9-41
27        android:roundIcon="@drawable/ic_app_logo"
27-->src\main\AndroidManifest.xml:11:9-50
28        android:supportsRtl="true"
28-->src\main\AndroidManifest.xml:12:9-35
29        android:testOnly="true"
30        android:theme="@style/Theme.PayBitoDemo"
30-->src\main\AndroidManifest.xml:14:9-49
31        android:usesCleartextTraffic="true" >
31-->src\main\AndroidManifest.xml:13:9-44
32        <activity
32-->src\main\AndroidManifest.xml:16:9-24:20
33            android:name="com.example.paybitodemo.SplashActivity"
33-->src\main\AndroidManifest.xml:17:13-43
34            android:exported="true"
34-->src\main\AndroidManifest.xml:18:13-36
35            android:theme="@style/Theme.PayBitoDemo" >
35-->src\main\AndroidManifest.xml:19:13-53
36            <intent-filter>
36-->src\main\AndroidManifest.xml:20:13-23:29
37                <action android:name="android.intent.action.MAIN" />
37-->src\main\AndroidManifest.xml:21:17-69
37-->src\main\AndroidManifest.xml:21:25-66
38
39                <category android:name="android.intent.category.LAUNCHER" />
39-->src\main\AndroidManifest.xml:22:17-77
39-->src\main\AndroidManifest.xml:22:27-74
40            </intent-filter>
41        </activity>
42        <activity
42-->src\main\AndroidManifest.xml:26:9-28:40
43            android:name="com.example.paybitodemo.MainActivity"
43-->src\main\AndroidManifest.xml:27:13-41
44            android:exported="false" />
44-->src\main\AndroidManifest.xml:28:13-37
45        <activity
45-->src\main\AndroidManifest.xml:30:9-41:20
46            android:name="com.example.paybitodemo.payment.PaymentResultActivity"
46-->src\main\AndroidManifest.xml:31:13-58
47            android:exported="true" >
47-->src\main\AndroidManifest.xml:32:13-36
48            <intent-filter android:autoVerify="true" >
48-->src\main\AndroidManifest.xml:33:13-40:29
48-->src\main\AndroidManifest.xml:33:28-53
49                <action android:name="android.intent.action.VIEW" />
49-->src\main\AndroidManifest.xml:34:17-69
49-->src\main\AndroidManifest.xml:34:25-66
50
51                <category android:name="android.intent.category.DEFAULT" />
51-->src\main\AndroidManifest.xml:35:17-76
51-->src\main\AndroidManifest.xml:35:27-73
52                <category android:name="android.intent.category.BROWSABLE" />
52-->src\main\AndroidManifest.xml:36:17-78
52-->src\main\AndroidManifest.xml:36:27-75
53
54                <data
54-->src\main\AndroidManifest.xml:37:17-39:48
55                    android:host="checkout"
55-->src\main\AndroidManifest.xml:38:21-44
56                    android:scheme="paybito" />
56-->src\main\AndroidManifest.xml:39:21-45
57            </intent-filter>
58        </activity>
59        <activity
59-->[:library] AndroidManifest.xml:10:9-14:52
60            android:name="com.paybito.sdk.ui.PayBitoCheckoutActivity"
60-->[:library] AndroidManifest.xml:11:13-70
61            android:configChanges="orientation|screenSize"
61-->[:library] AndroidManifest.xml:12:13-59
62            android:exported="false"
62-->[:library] AndroidManifest.xml:13:13-37
63            android:screenOrientation="portrait" />
63-->[:library] AndroidManifest.xml:14:13-49
64
65        <provider
65-->[androidx.emoji2:emoji2:1.2.0] AndroidManifest.xml:24:9-32:20
66            android:name="androidx.startup.InitializationProvider"
66-->[androidx.emoji2:emoji2:1.2.0] AndroidManifest.xml:25:13-67
67            android:authorities="com.example.paybitodemo.androidx-startup"
67-->[androidx.emoji2:emoji2:1.2.0] AndroidManifest.xml:26:13-68
68            android:exported="false" >
68-->[androidx.emoji2:emoji2:1.2.0] AndroidManifest.xml:27:13-37
69            <meta-data
69-->[androidx.emoji2:emoji2:1.2.0] AndroidManifest.xml:29:13-31:52
70                android:name="androidx.emoji2.text.EmojiCompatInitializer"
70-->[androidx.emoji2:emoji2:1.2.0] AndroidManifest.xml:30:17-75
71                android:value="androidx.startup" />
71-->[androidx.emoji2:emoji2:1.2.0] AndroidManifest.xml:31:17-49
72            <meta-data
72-->[androidx.lifecycle:lifecycle-process:2.7.0] AndroidManifest.xml:29:13-31:52
73                android:name="androidx.lifecycle.ProcessLifecycleInitializer"
73-->[androidx.lifecycle:lifecycle-process:2.7.0] AndroidManifest.xml:30:17-78
74                android:value="androidx.startup" />
74-->[androidx.lifecycle:lifecycle-process:2.7.0] AndroidManifest.xml:31:17-49
75            <meta-data
75-->[androidx.profileinstaller:profileinstaller:1.3.0] AndroidManifest.xml:29:13-31:52
76                android:name="androidx.profileinstaller.ProfileInstallerInitializer"
76-->[androidx.profileinstaller:profileinstaller:1.3.0] AndroidManifest.xml:30:17-85
77                android:value="androidx.startup" />
77-->[androidx.profileinstaller:profileinstaller:1.3.0] AndroidManifest.xml:31:17-49
78        </provider>
79
80        <receiver
80-->[androidx.profileinstaller:profileinstaller:1.3.0] AndroidManifest.xml:34:9-52:20
81            android:name="androidx.profileinstaller.ProfileInstallReceiver"
81-->[androidx.profileinstaller:profileinstaller:1.3.0] AndroidManifest.xml:35:13-76
82            android:directBootAware="false"
82-->[androidx.profileinstaller:profileinstaller:1.3.0] AndroidManifest.xml:36:13-44
83            android:enabled="true"
83-->[androidx.profileinstaller:profileinstaller:1.3.0] AndroidManifest.xml:37:13-35
84            android:exported="true"
84-->[androidx.profileinstaller:profileinstaller:1.3.0] AndroidManifest.xml:38:13-36
85            android:permission="android.permission.DUMP" >
85-->[androidx.profileinstaller:profileinstaller:1.3.0] AndroidManifest.xml:39:13-57
86            <intent-filter>
86-->[androidx.profileinstaller:profileinstaller:1.3.0] AndroidManifest.xml:40:13-42:29
87                <action android:name="androidx.profileinstaller.action.INSTALL_PROFILE" />
87-->[androidx.profileinstaller:profileinstaller:1.3.0] AndroidManifest.xml:41:17-91
87-->[androidx.profileinstaller:profileinstaller:1.3.0] AndroidManifest.xml:41:25-88
88            </intent-filter>
89            <intent-filter>
89-->[androidx.profileinstaller:profileinstaller:1.3.0] AndroidManifest.xml:43:13-45:29
90                <action android:name="androidx.profileinstaller.action.SKIP_FILE" />
90-->[androidx.profileinstaller:profileinstaller:1.3.0] AndroidManifest.xml:44:17-85
90-->[androidx.profileinstaller:profileinstaller:1.3.0] AndroidManifest.xml:44:25-82
91            </intent-filter>
92            <intent-filter>
92-->[androidx.profileinstaller:profileinstaller:1.3.0] AndroidManifest.xml:46:13-48:29
93                <action android:name="androidx.profileinstaller.action.SAVE_PROFILE" />
93-->[androidx.profileinstaller:profileinstaller:1.3.0] AndroidManifest.xml:47:17-88
93-->[androidx.profileinstaller:profileinstaller:1.3.0] AndroidManifest.xml:47:25-85
94            </intent-filter>
95            <intent-filter>
95-->[androidx.profileinstaller:profileinstaller:1.3.0] AndroidManifest.xml:49:13-51:29
96                <action android:name="androidx.profileinstaller.action.BENCHMARK_OPERATION" />
96-->[androidx.profileinstaller:profileinstaller:1.3.0] AndroidManifest.xml:50:17-95
96-->[androidx.profileinstaller:profileinstaller:1.3.0] AndroidManifest.xml:50:25-92
97            </intent-filter>
98        </receiver>
99    </application>
100
101</manifest>